<?xml version="1.0" encoding="UTF-8"?>
<testsuite xmlns:xsi="http://www.w3.org/2001/XMLSchema-instance" xsi:schemaLocation="https://maven.apache.org/surefire/maven-surefire-plugin/xsd/surefire-test-report.xsd" name="com.edurekademo.utilities.TestGenericComparator" time="0.021" tests="14" errors="0" skipped="0" failures="0">
  <properties>
    <property name="java.runtime.name" value="Java(TM) SE Runtime Environment"/>
    <property name="java.vm.version" value="10.0.2+13"/>
    <property name="sun.boot.library.path" value="C:\Program Files\Java\jdk-10.0.2\bin"/>
    <property name="maven.multiModuleProjectDirectory" value="C:\Users\SBhimireddy\Desktop\mvnTest\devops"/>
    <property name="java.vm.vendor" value="&quot;Oracle Corporation&quot;"/>
    <property name="java.vendor.url" value="http://java.oracle.com/"/>
    <property name="guice.disable.misplaced.annotation.check" value="true"/>
    <property name="path.separator" value=";"/>
    <property name="java.vm.name" value="Java HotSpot(TM) 64-Bit Server VM"/>
    <property name="file.encoding.pkg" value="sun.io"/>
    <property name="sun.os.patch.level" value=""/>
    <property name="user.script" value=""/>
    <property name="user.country" value="US"/>
    <property name="sun.java.launcher" value="SUN_STANDARD"/>
    <property name="java.vm.specification.name" value="Java Virtual Machine Specification"/>
    <property name="user.dir" value="C:\Users\SBhimireddy\Desktop\mvnTest\devops"/>
    <property name="java.vm.compressedOopsMode" value="32-bit"/>
    <property name="java.runtime.version" value="10.0.2+13"/>
    <property name="java.awt.graphicsenv" value="sun.awt.Win32GraphicsEnvironment"/>
    <property name="os.arch" value="amd64"/>
    <property name="java.io.tmpdir" value="C:\Users\SBHIMI~1\AppData\Local\Temp\"/>
    <property name="line.separator" value="&#10;"/>
    <property name="java.vm.specification.vendor" value="Oracle Corporation"/>
    <property name="user.variant" value=""/>
    <property name="os.name" value="Windows 10"/>
    <property name="classworlds.conf" value="C:\apache-maven-3.5.4\bin\..\bin\m2.conf"/>
    <property name="sun.jnu.encoding" value="Cp1252"/>
    <property name="java.library.path" value="C:\Program Files\Java\jdk-10.0.2\bin;C:\WINDOWS\Sun\Java\bin;C:\WINDOWS\system32;C:\WINDOWS;C:\Program Files (x86)\Common Files\Oracle\Java\javapath;C:\ProgramData\Oracle\Java\javapath;C:\Program Files (x86)\Java\jre1.8.0_162\bin;C:\WINDOWS\system32;C:\WINDOWS;C:\WINDOWS\System32\Wbem;C:\WINDOWS\System32\WindowsPowerShell\v1.0\;C:\Program Files\Intel\WiFi\bin\;C:\Program Files\Common Files\Intel\WirelessCommon\;C:\Program Files\PuTTY\;C:\HashiCorp\Vagrant\bin;C:\Program Files\Git\cmd;C:\WINDOWS\System32\OpenSSH\;C:\Program Files (x86)\PuTTY\;C:\apache-maven-3.5.4\bin;C:\Program Files\Java\jdk-10.0.2\bin;C:\Users\SBhimireddy\Anaconda3;C:\Users\SBhimireddy\Anaconda3\Library\mingw-w64\bin;C:\Users\SBhimireddy\Anaconda3\Library\usr\bin;C:\Users\SBhimireddy\Anaconda3\Library\bin;C:\Users\SBhimireddy\Anaconda3\Scripts;C:\Users\SBhimireddy\AppData\Local\Microsoft\WindowsApps;C:\Program Files\Intel\WiFi\bin\;C:\Program Files\Common Files\Intel\WirelessCommon\;C:\Program Files\Microsoft VS Code\bin;;."/>
    <property name="maven.conf" value="C:\apache-maven-3.5.4\bin\../conf"/>
    <property name="jdk.debug" value="release"/>
    <property name="java.class.version" value="54.0"/>
    <property name="java.specification.name" value="Java Platform API Specification"/>
    <property name="sun.management.compiler" value="HotSpot 64-Bit Tiered Compilers"/>
    <property name="os.version" value="10.0"/>
    <property name="library.jansi.path" value="C:\apache-maven-3.5.4\bin\..\lib\jansi-native"/>
    <property name="user.home" value="C:\Users\SBhimireddy"/>
    <property name="user.timezone" value="America/Denver"/>
    <property name="java.awt.printerjob" value="sun.awt.windows.WPrinterJob"/>
    <property name="file.encoding" value="Cp1252"/>
    <property name="java.specification.version" value="10"/>
    <property name="user.name" value="SBhimireddy"/>
    <property name="java.class.path" value="C:\apache-maven-3.5.4\bin\..\boot\plexus-classworlds-2.5.2.jar"/>
    <property name="java.vm.specification.version" value="10"/>
    <property name="sun.arch.data.model" value="64"/>
    <property name="sun.java.command" value="org.codehaus.plexus.classworlds.launcher.Launcher clean install"/>
    <property name="java.home" value="C:\Program Files\Java\jdk-10.0.2"/>
    <property name="user.language" value="en"/>
    <property name="java.specification.vendor" value="Oracle Corporation"/>
    <property name="awt.toolkit" value="sun.awt.windows.WToolkit"/>
    <property name="java.vm.info" value="mixed mode"/>
    <property name="java.version" value="10.0.2"/>
    <property name="java.vendor" value="Oracle Corporation"/>
    <property name="sun.stderr.encoding" value="cp437"/>
    <property name="maven.home" value="C:\apache-maven-3.5.4\bin\.."/>
    <property name="file.separator" value="\"/>
    <property name="java.version.date" value="2018-07-17"/>
    <property name="java.vendor.url.bug" value="http://bugreport.java.com/bugreport/"/>
    <property name="sun.io.unicode.encoding" value="UnicodeLittle"/>
    <property name="sun.cpu.endian" value="little"/>
    <property name="java.vendor.version" value="18.3"/>
    <property name="sun.stdout.encoding" value="cp437"/>
    <property name="sun.desktop" value="windows"/>
    <property name="sun.cpu.isalist" value="amd64"/>
  </properties>
  <testcase name="testSortEmpNameAscNewComparator3Element" classname="com.edurekademo.utilities.TestGenericComparator" time="0.015"/>
  <testcase name="testSortEmpNameDescNewComparator3Element" classname="com.edurekademo.utilities.TestGenericComparator" time="0"/>
  <testcase name="testSortEmpSpareDesc" classname="com.edurekademo.utilities.TestGenericComparator" time="0.002"/>
  <testcase name="testSortEmpSpareAsc" classname="com.edurekademo.utilities.TestGenericComparator" time="0"/>
  <testcase name="testSortEmpSpareDesc2" classname="com.edurekademo.utilities.TestGenericComparator" time="0.001"/>
  <testcase name="testSortEmpSpareAsc2" classname="com.edurekademo.utilities.TestGenericComparator" time="0"/>
  <testcase name="testSortEmpNameDesc" classname="com.edurekademo.utilities.TestGenericComparator" time="0"/>
  <testcase name="testSortEmpSpare2StringDesc" classname="com.edurekademo.utilities.TestGenericComparator" time="0.001"/>
  <testcase name="testSortEmpNameAscNewComparator" classname="com.edurekademo.utilities.TestGenericComparator" time="0"/>
  <testcase name="testSortEmpSpare2StringAsc" classname="com.edurekademo.utilities.TestGenericComparator" time="0"/>
  <testcase name="testDoubleSort" classname="com.edurekademo.utilities.TestGenericComparator" time="0"/>
  <testcase name="testSortEmpIDDesc" classname="com.edurekademo.utilities.TestGenericComparator" time="0"/>
  <testcase name="testSortEmpNameAsc" classname="com.edurekademo.utilities.TestGenericComparator" time="0"/>
  <testcase name="testSortEmpIDAsc" classname="com.edurekademo.utilities.TestGenericComparator" time="0"/>
</testsuite>